* using log directory ‘/home/jardel/Documentos/GitHub/agrifit/..Rcheck’
* using R version 4.5.2 (2025-10-31)
* using platform: x86_64-redhat-linux-gnu
* R was compiled by
    gcc (GCC) 15.2.1 20251022 (Red Hat 15.2.1-3)
    GNU Fortran (GCC) 15.2.1 20251022 (Red Hat 15.2.1-3)
* running under: Fedora Linux 43 (Workstation Edition)
* using session charset: UTF-8
* using option ‘--as-cran’
* checking for file ‘./DESCRIPTION’ ... OK
* this is package ‘agrifit’ version ‘0.1.0’
* package encoding: UTF-8
* checking CRAN incoming feasibility ... [5s/30s] NOTE
Maintainer: ‘Jardel Fialho <jardelllfialho@gmail.com>’

New submission

The build time stamp is missing.
* checking package namespace information ... OK
* checking package dependencies ... OK
* checking if this is a source package ... NOTE
Subdirectory ‘agrifit.Rcheck/agrifit’ seems to contain an installed version of the package.
* checking if there is a namespace ... OK
* checking for executable files ... OK
* checking for hidden files and directories ... NOTE
Found the following hidden files and directories:
  .gitignore
  ..Rcheck
  .Rproj.user
  .git
These were most likely included in error. See section ‘Package
structure’ in the ‘Writing R Extensions’ manual.

CRAN-pack does not know about
  ..Rcheck
  .git
* checking for portable file names ... OK
* checking for sufficient/correct file permissions ... OK
* checking serialization versions ... WARNING
Found file(s) with version 3 serialization:
  ‘agrifit.Rcheck/agrifit/Meta/Rd.rds’
  ‘agrifit.Rcheck/agrifit/Meta/features.rds’
  ‘agrifit.Rcheck/agrifit/Meta/hsearch.rds’
  ‘agrifit.Rcheck/agrifit/Meta/links.rds’
  ‘agrifit.Rcheck/agrifit/Meta/nsInfo.rds’
  ‘agrifit.Rcheck/agrifit/Meta/package.rds’
  ‘agrifit.Rcheck/agrifit/R/agrifit.rdx’
  ‘agrifit.Rcheck/agrifit/help/agrifit.rdx’
  ‘agrifit.Rcheck/agrifit/help/aliases.rds’
  ‘agrifit.Rcheck/agrifit/help/paths.rds’
Such files are only readable in R >= 3.5.0.
Recreate them with R < 3.5.0 or save(version = 2) or saveRDS(version =
2) as appropriate
* checking whether package ‘agrifit’ can be installed ... OK
* checking installed package size ... OK
* checking package directory ... OK
* checking for future file timestamps ... OK
* checking DESCRIPTION meta-information ... NOTE
Author field differs from that derived from Authors@R
  Author:    ‘Jardel Fialho <jardelllfialho@gmail.com>’
  Authors@R: ‘Jardel Fialho [aut, cre]’

Checking should be performed on sources prepared by ‘R CMD build’.
* checking top-level files ... NOTE
Non-standard files/directories found at top level:
  ‘LICENSE.md’ ‘Rplots.pdf’ ‘agrifit.Rcheck’ ‘agrifit.Rproj’
  ‘agrifit_0.1.0.tar.gz’ ‘lrp_multiplo.png’
* checking for left-over files ... OK
* checking index information ... OK
* checking package subdirectories ... WARNING
Found the following directories with names of check directories:
  ./..Rcheck
  ./agrifit.Rcheck
Most likely, these were included erroneously.
Found the following directory with the name of a version control directory:
  ./.git
These should not be in a package tarball.
* checking code files for non-ASCII characters ... WARNING
Found the following files with non-ASCII characters:
  R/ajustar_cubico.R
  R/ajustar_exponencial.R
  R/ajustar_linear.R
  R/ajustar_lrp_atualizada.R
  R/ajustar_mitscherlich.R
  R/ajustar_potencial.R
  R/ajustar_quadratico.R
  R/ajustar_raiz_quadratica.R
  R/analise_superficie_resposta.R
  R/escolha_modelo_adequado.R
  R/linear_plateau.R
  R/linear_plateau_2.R
  R/otimizacao_insumos.R
  R/otimizacao_superficie_matrizes.R
Portable packages must use only ASCII characters in their R code and
NAMESPACE directives, except perhaps in comments.
Use \uxxxx escapes for other characters.
Function ‘tools::showNonASCIIfile’ can help in finding non-ASCII
characters in files.
* checking R files for syntax errors ... OK
* checking whether the package can be loaded ... OK
* checking whether the package can be loaded with stated dependencies ... OK
* checking whether the package can be unloaded cleanly ... OK
* checking whether the namespace can be loaded with stated dependencies ... OK
* checking whether the namespace can be unloaded cleanly ... OK
* checking loading without being on the library search path ... OK
* checking use of S3 registration ... OK
* checking dependencies in R code ... OK
* checking S3 generic/method consistency ... OK
* checking replacement functions ... OK
* checking foreign function calls ... OK
* checking R code for possible problems ... NOTE
ajustar_linear : format_coef_table: no visible global function
  definition for ‘vcov’
ajustar_linear: no visible global function definition for ‘vcov’
Undefined global functions or variables:
  vcov
Consider adding
  importFrom("stats", "vcov")
to your NAMESPACE file.
* checking Rd files ... OK
* checking Rd metadata ... OK
* checking Rd line widths ... OK
* checking Rd cross-references ... OK
* checking for missing documentation entries ... OK
* checking for code/documentation mismatches ... OK
* checking Rd \usage sections ... OK
* checking Rd contents ... OK
* checking for unstated dependencies in examples ... OK
* checking examples ... OK
* checking for unstated dependencies in ‘tests’ ... OK
* checking tests ... OK
  Running ‘testthat.R’
* checking PDF version of manual ... OK
* checking HTML version of manual ... NOTE
Skipping checking math rendering: package 'V8' unavailable
* checking for non-standard things in the check directory ... OK
* checking for detritus in the temp directory ... OK
* DONE
Status: 3 WARNINGs, 7 NOTEs
