* installing *source* package ‘agrifit’ ...
** this is package ‘agrifit’ version ‘0.1.0’
** using staged installation
** R
** byte-compile and prepare package for lazy loading
** help
*** installing help indices
  converting help for package ‘agrifit’
    finding HTML links ... concluído
    ajustar_cubico                          html  
    ajustar_exponencial                     html  
    ajustar_linear                          html  
    ajustar_lrp                             html  
    ajustar_lrp2                            html  
    ajustar_mitscherlich                    html  
    ajustar_potencial                       html  
    ajustar_quadratico                      html  
    ajustar_raiz_quadratica                 html  
    analise_superficie_resposta             html  
    escolha_modelo_adequado                 html  
    otimizacao_insumos                      html  
    otimizacao_superficie_matrizes          html  
** building package indices
** testing if installed package can be loaded from temporary location
** testing if installed package can be loaded from final location
** testing if installed package keeps a record of temporary installation path
* DONE (agrifit)
