* using log directory ‘/home/jardel/Documentos/GitHub/agrifit/agrifit.Rcheck’
* using R version 4.5.2 (2025-10-31)
* using platform: x86_64-redhat-linux-gnu
* R was compiled by
    gcc (GCC) 15.2.1 20251022 (Red Hat 15.2.1-3)
    GNU Fortran (GCC) 15.2.1 20251022 (Red Hat 15.2.1-3)
* running under: Fedora Linux 43 (Workstation Edition)
* using session charset: UTF-8
* using option ‘--no-manual’
* checking for file ‘agrifit/DESCRIPTION’ ... OK
* this is package ‘agrifit’ version ‘0.1.0’
* package encoding: UTF-8
* checking package namespace information ... OK
* checking package dependencies ... OK
* checking if this is a source package ... OK
* checking if there is a namespace ... OK
* checking for executable files ... OK
* checking for hidden files and directories ... OK
* checking for portable file names ... OK
* checking for sufficient/correct file permissions ... OK
* checking whether package ‘agrifit’ can be installed ... OK
* checking installed package size ... OK
* checking package directory ... OK
* checking DESCRIPTION meta-information ... OK
* checking top-level files ... OK
* checking for left-over files ... OK
* checking index information ... OK
* checking package subdirectories ... OK
* checking code files for non-ASCII characters ... WARNING
Found the following files with non-ASCII characters:
  R/ajustar_cubico.R
  R/ajustar_exponencial.R
  R/ajustar_linear.R
  R/ajustar_lrp_atualizada.R
  R/ajustar_mitscherlich.R
  R/ajustar_potencial.R
  R/ajustar_quadratico.R
  R/ajustar_raiz_quadratica.R
  R/analise_superficie_resposta.R
  R/escolha_modelo_adequado.R
  R/linear_plateau.R
  R/linear_plateau_2.R
  R/otimizacao_insumos.R
  R/otimizacao_superficie_matrizes.R
Portable packages must use only ASCII characters in their R code and
NAMESPACE directives, except perhaps in comments.
Use \uxxxx escapes for other characters.
Function ‘tools::showNonASCIIfile’ can help in finding non-ASCII
characters in files.
* checking R files for syntax errors ... OK
* checking whether the package can be loaded ... OK
* checking whether the package can be loaded with stated dependencies ... OK
* checking whether the package can be unloaded cleanly ... OK
* checking whether the namespace can be loaded with stated dependencies ... OK
* checking whether the namespace can be unloaded cleanly ... OK
* checking loading without being on the library search path ... OK
* checking dependencies in R code ... OK
* checking S3 generic/method consistency ... OK
* checking replacement functions ... OK
* checking foreign function calls ... OK
* checking R code for possible problems ... OK
* checking Rd files ... OK
* checking Rd metadata ... OK
* checking Rd cross-references ... OK
* checking for missing documentation entries ... OK
* checking for code/documentation mismatches ... OK
* checking Rd \usage sections ... OK
* checking Rd contents ... OK
* checking for unstated dependencies in examples ... OK
* checking examples ... OK
* checking for unstated dependencies in ‘tests’ ... OK
* checking tests ... OK
  Running ‘testthat.R’
* DONE
Status: 1 WARNING
